(SRCTools Version 3.1.1)
 HexLoc     DecLoc    MachWord   Label        Instruction                Comment
00000000  0000000000  2f800030                la r30, mult               
00000004  0000000004  2f40001c                la r29, exp                
00000008  0000000008  2f000044                la r28, end                
                                                                         
0000000c  0000000012  2b000005                la r12, 5                  ;base
00000010  0000000016  2b400003                la r13, 3                  ;exponent
                                                                         
00000014  0000000020  2b800001                la r14, 1                  ;start with the thing equal to 1
00000018  0000000024  28400001                la r1, 1                   
                                                                         
0000001c  0000000028  4038d002  exp:          brzr r28, r13              
00000020  0000000032  28800000                la r2, 0                   
00000024  0000000036  6b5bffff                addi r13, r13, -1          
00000028  0000000040  68180000                addi r0, r12, 0            
0000002c  0000000044  403c0001                br r30                     
                                                                         
00000030  0000000048  60841000  mult:         add r2, r2, r1             ;multiplies r0 and r1 into r2
00000034  0000000052  6801ffff                addi r0, r0, -1            
00000038  0000000056  403c0003                brnz r30, r0               
0000003c  0000000060  68440000                addi r1, r2, 0             
00000040  0000000064  403a0001                br r29                     
                                                                         
                                                                         
                                                                         
00000044  0000000068  f8000000  end:          stop                       
                                                                         
                                                                         
                                                                         
                                              .org 2000                  
000007d0  0000002000  00000000  primes:       .dc 0, 1, 2, 3, 4, 5, 6, 7  
000007d4  0000002004  00000001
000007d8  0000002008  00000002
000007dc  0000002012  00000003
000007e0  0000002016  00000004
000007e4  0000002020  00000005
000007e8  0000002024  00000006
000007ec  0000002028  00000007

--- Symbol Table ---
end: 68
primes: 2000
mult: 48
exp: 28
