(SRCTools Version 3.1.1)
 HexLoc     DecLoc    MachWord   Label        Instruction                Comment
                                                                         
                                                                         
00000000  0000000000  2fc00024                la r31, div                ;divide subroutine jump location
00000004  0000000004  2f800044                la r30, store              ;subroutine to store found prime
00000008  0000000008  2f4003e0                la r29, primes             ;location where primes will be stored
0000000c  0000000012  2f000038                la r28, check              ;check if divisor is equal to number
00000010  0000000016  2ec0004c                la r27, new                ;pick new number and reset
                                                                         
00000014  0000000020  2a000002                la r8, 2                   ;start checking primes at 2
00000018  0000000024  28400002                la r1, 2                   ;starting multiple is 1
0000001c  0000000028  28000002                la r0, 2                   
00000020  0000000032  40380001                br r28                     
                                                                         
                                                                         
                                                                         
00000024  0000000036  70001000  div:          sub r0, r0, r1             ;subtract divisor from dividend
00000028  0000000040  40360002                brzr r27, r0               ;start new number, this number divided evenly
0000002c  0000000044  403e0004                brpl r31, r0               ;keep subtracting until number is negative
00000030  0000000048  68420001                addi r1, r1, 1             ;increment divisor
00000034  0000000052  68100000                addi r0, r8, 0             ;load number back into r0 to be divided
                                                                         
00000038  0000000056  70801000  check:        sub r2, r0, r1             ;check if divisor is equal to number
0000003c  0000000060  403c2002                brzr r30, r2               ;if they are equal, number is prime
00000040  0000000064  403e0001                br r31                     
                                                                         
                                                                         
                                                                         
00000044  0000000068  184603e0  store:        st r1, primes(r3)          ;store current quotient result in memory
00000048  0000000072  68c60004                addi r3, r3, 4             ;increment prime storage location pointer
0000004c  0000000076  6a100001  new:          addi r8, r8, 1             ;increment number to check by 1
00000050  0000000080  68100000                addi r0, r8, 0             
00000054  0000000084  28400002                la r1, 2                   ;start the divisor at 2 again
00000058  0000000088  403e0001                br r31                     ;go back and try the new number
                                                                         
                                                                         ;brlnz r29,r5,r6	
                                                                         
                                                                         
                                                                         
                                                                         
                                              .org 992                   
000003e0  0000000992            primes:       .dw 1                      

--- Symbol Table ---
check: 56
store: 68
new: 76
primes: 992
div: 36
