(SRCTools Version 3.1.1)
 HexLoc     DecLoc    MachWord   Label        Instruction                Comment
                                                                         
00000000  0000000000  2f800094                la r30, end                
00000004  0000000004  2f4007d0                la r29, primes             
00000008  0000000008  2f000024                la r28, enum               
0000000c  0000000012  2ec0005c                la r27, elim               
00000010  0000000016  2e800040                la r26, new                
00000014  0000000020  2e40006c                la r25, loop               
00000018  0000000024  2e000068                la r24, fac                
                                                                         
                                number:       .equ 10                    ;max number put into sieve
                                                                         
                                                                         
0000001c  0000000028  2800000a                la r0, number              
00000020  0000000032  28400001                la r1, 1                   ;starting at 2
00000024  0000000036  68420001  enum:         addi r1, r1, 1             
00000028  0000000040  184407d0                st r1, 2000(r2)            
0000002c  0000000044  68840004                addi r2, r2, 4             
00000030  0000000048  70c01000                sub r3, r0, r1             
00000034  0000000052  40383003                brnz r28, r3               
                                                                         
                                                                         
                                                                         
                                                                         
00000038  0000000056  2a01fffc                la r8, -4                  
0000003c  0000000060  28400001                la r1, 1                   
                                                                         
00000040  0000000064  2a400000  new:          la r9, 0                   
00000044  0000000068  2ac00000                la r11, 0                  
00000048  0000000072  28400000                la r1, 0                   
0000004c  0000000076  6a100004                addi r8, r8, 4             
00000050  0000000080  091007d0                ld r4, 2000(r8)            
00000054  0000000084  40344002                brzr r26, r4               ;if the number in memory is 0, we can skip it, load another memory address over
                                                                         
00000058  0000000088  29400004                la r5, 4                   ;multiplier for memory location
                                                                         
0000005c  0000000092  62524000  elim:         add r9, r9, r4             
00000060  0000000096  694bffff                addi r5, r5, -1            
00000064  0000000100  40365003                brnz r27, r5               
                                                                         
00000068  0000000104  6a820000  fac:          addi r10, r1, 0            ;copy current multiple (r2)
0000006c  0000000108  62d69000  loop:         add r11, r11, r9           
00000070  0000000112  6a95ffff                addi r10, r10, -1          
00000074  0000000116  4032a003                brnz r25, r10              
                                                                         
00000078  0000000120  0b1607d0                ld r12, 2000(r11)          ;read value to check if it is higher than number
0000007c  0000000124  1d9607d0                st r22, 2000(r11)          ;write a zero to this number, it is a multiple of current number
00000080  0000000128  73580000                sub r13, r12, r0           
00000084  0000000132  4034d004                brpl r26, r13              ;if the value is bigger than max number, pick next number
00000088  0000000136  68420001                addi r1, r1, 1             ;increment multiple to remove
0000008c  0000000140  2ac00000                la r11, 0                  ;clear current address
00000090  0000000144  40300001                br r24                     
                                                                         
                                                                         
                                                                         
                                                                         
                                                                         
00000094  0000000148  f8000000  end:          stop                       
                                                                         
                                                                         
                                                                         
                                              .org 2000                  
000007d0  0000002000            primes:       .dw number                 

--- Symbol Table ---
end: 148
loop: 108
elim: 92
fac: 104
new: 64
number: 10
primes: 2000
enum: 36
